<?xml version="1.0" encoding="UTF-8"?>
<testsuite name="org.xtext.example.mydsl.tests.MyDslParsingTest" time="0.186" tests="1" errors="0" skipped="0" failures="0">
  <properties>
    <property name="java.vendor" value="Oracle Corporation"/>
    <property name="osgi.bundles.defaultStartLevel" value="4"/>
    <property name="sun.java.launcher" value="SUN_STANDARD"/>
    <property name="org.osgi.supports.framework.extension" value="true"/>
    <property name="sun.management.compiler" value="HotSpot 64-Bit Tiered Compilers"/>
    <property name="os.name" value="Mac OS X"/>
    <property name="sun.boot.class.path" value="/Library/Java/JavaVirtualMachines/jdk1.8.0_60.jdk/Contents/Home/jre/lib/resources.jar:/Library/Java/JavaVirtualMachines/jdk1.8.0_60.jdk/Contents/Home/jre/lib/rt.jar:/Library/Java/JavaVirtualMachines/jdk1.8.0_60.jdk/Contents/Home/jre/lib/sunrsasign.jar:/Library/Java/JavaVirtualMachines/jdk1.8.0_60.jdk/Contents/Home/jre/lib/jsse.jar:/Library/Java/JavaVirtualMachines/jdk1.8.0_60.jdk/Contents/Home/jre/lib/jce.jar:/Library/Java/JavaVirtualMachines/jdk1.8.0_60.jdk/Contents/Home/jre/lib/charsets.jar:/Library/Java/JavaVirtualMachines/jdk1.8.0_60.jdk/Contents/Home/jre/lib/jfr.jar:/Library/Java/JavaVirtualMachines/jdk1.8.0_60.jdk/Contents/Home/jre/classes"/>
    <property name="user.country.format" value="CH"/>
    <property name="osgi.ws" value="cocoa"/>
    <property name="java.vm.specification.vendor" value="Oracle Corporation"/>
    <property name="java.runtime.version" value="1.8.0_60-b27"/>
    <property name="osgi.instance.area" value="file:/Users/serano/Development/eclipse/4.6/eclipse-boomslang/ws/org.xtext.example.mydsl.parent/org.xtext.example.mydsl.tests/target/work/data/"/>
    <property name="org.osgi.framework.uuid" value="3077ae8b-c58d-0017-190b-c42195964a20"/>
    <property name="osgi.noShutdown" value="false"/>
    <property name="user.name" value="serano"/>
    <property name="org.osgi.framework.system.packages" value="javax.accessibility,javax.activation,javax.activity,javax.annotation,javax.annotation.processing,javax.crypto,javax.crypto.interfaces,javax.crypto.spec,javax.imageio,javax.imageio.event,javax.imageio.metadata,javax.imageio.plugins.bmp,javax.imageio.plugins.jpeg,javax.imageio.spi,javax.imageio.stream,javax.jws,javax.jws.soap,javax.lang.model,javax.lang.model.element,javax.lang.model.type,javax.lang.model.util,javax.management,javax.management.loading,javax.management.modelmbean,javax.management.monitor,javax.management.openmbean,javax.management.relation,javax.management.remote,javax.management.remote.rmi,javax.management.timer,javax.naming,javax.naming.directory,javax.naming.event,javax.naming.ldap,javax.naming.spi,javax.net,javax.net.ssl,javax.print,javax.print.attribute,javax.print.attribute.standard,javax.print.event,javax.rmi,javax.rmi.CORBA,javax.rmi.ssl,javax.script,javax.security.auth,javax.security.auth.callback,javax.security.auth.kerberos,javax.security.auth.login,javax.security.auth.spi,javax.security.auth.x500,javax.security.cert,javax.security.sasl,javax.sound.midi,javax.sound.midi.spi,javax.sound.sampled,javax.sound.sampled.spi,javax.sql,javax.sql.rowset,javax.sql.rowset.serial,javax.sql.rowset.spi,javax.swing,javax.swing.border,javax.swing.colorchooser,javax.swing.event,javax.swing.filechooser,javax.swing.plaf,javax.swing.plaf.basic,javax.swing.plaf.metal,javax.swing.plaf.multi,javax.swing.plaf.nimbus,javax.swing.plaf.synth,javax.swing.table,javax.swing.text,javax.swing.text.html,javax.swing.text.html.parser,javax.swing.text.rtf,javax.swing.tree,javax.swing.undo,javax.tools,javax.transaction,javax.transaction.xa,javax.xml,javax.xml.bind,javax.xml.bind.annotation,javax.xml.bind.annotation.adapters,javax.xml.bind.attachment,javax.xml.bind.helpers,javax.xml.bind.util,javax.xml.crypto,javax.xml.crypto.dom,javax.xml.crypto.dsig,javax.xml.crypto.dsig.dom,javax.xml.crypto.dsig.keyinfo,javax.xml.crypto.dsig.spec,javax.xml.datatype,javax.xml.namespace,javax.xml.parsers,javax.xml.soap,javax.xml.stream,javax.xml.stream.events,javax.xml.stream.util,javax.xml.transform,javax.xml.transform.dom,javax.xml.transform.sax,javax.xml.transform.stax,javax.xml.transform.stream,javax.xml.validation,javax.xml.ws,javax.xml.ws.handler,javax.xml.ws.handler.soap,javax.xml.ws.http,javax.xml.ws.soap,javax.xml.ws.spi,javax.xml.ws.spi.http,javax.xml.ws.wsaddressing,javax.xml.xpath,org.ietf.jgss,org.omg.CORBA,org.omg.CORBA_2_3,org.omg.CORBA_2_3.portable,org.omg.CORBA.DynAnyPackage,org.omg.CORBA.ORBPackage,org.omg.CORBA.portable,org.omg.CORBA.TypeCodePackage,org.omg.CosNaming,org.omg.CosNaming.NamingContextExtPackage,org.omg.CosNaming.NamingContextPackage,org.omg.Dynamic,org.omg.DynamicAny,org.omg.DynamicAny.DynAnyFactoryPackage,org.omg.DynamicAny.DynAnyPackage,org.omg.IOP,org.omg.IOP.CodecFactoryPackage,org.omg.IOP.CodecPackage,org.omg.Messaging,org.omg.PortableInterceptor,org.omg.PortableInterceptor.ORBInitInfoPackage,org.omg.PortableServer,org.omg.PortableServer.CurrentPackage,org.omg.PortableServer.POAManagerPackage,org.omg.PortableServer.POAPackage,org.omg.PortableServer.portable,org.omg.PortableServer.ServantLocatorPackage,org.omg.SendingContext,org.omg.stub.java.rmi,org.w3c.dom,org.w3c.dom.bootstrap,org.w3c.dom.css,org.w3c.dom.events,org.w3c.dom.html,org.w3c.dom.ls,org.w3c.dom.ranges,org.w3c.dom.stylesheets,org.w3c.dom.traversal,org.w3c.dom.views,org.w3c.dom.xpath,org.xml.sax,org.xml.sax.ext,org.xml.sax.helpers"/>
    <property name="equinox.use.ds" value="true"/>
    <property name="org.osgi.framework.language" value="en"/>
    <property name="user.language" value="en"/>
    <property name="org.osgi.framework.processor" value="x86-64"/>
    <property name="osgi.syspath" value="/Users/serano/.m2/repository/p2/osgi/bundle/org.eclipse.osgi/3.11.0.v20160603-1336"/>
    <property name="osgi.compatibility.bootdelegation.default" value="true"/>
    <property name="sun.boot.library.path" value="/Library/Java/JavaVirtualMachines/jdk1.8.0_60.jdk/Contents/Home/jre/lib"/>
    <property name="org.osgi.framework.system.capabilities" value="osgi.ee; osgi.ee=&quot;OSGi/Minimum&quot;; version:List&lt;Version&gt;=&quot;1.0, 1.1, 1.2&quot;,osgi.ee; osgi.ee=&quot;JRE&quot;; version:List&lt;Version&gt;=&quot;1.0, 1.1&quot;,osgi.ee; osgi.ee=&quot;JavaSE&quot;; version:List&lt;Version&gt;=&quot;1.0, 1.1, 1.2, 1.3, 1.4, 1.5, 1.6, 1.7, 1.8&quot;,osgi.ee; osgi.ee=&quot;JavaSE/compact1&quot;; version:List&lt;Version&gt;=&quot;1.8&quot;,osgi.ee; osgi.ee=&quot;JavaSE/compact2&quot;; version:List&lt;Version&gt;=&quot;1.8&quot;,osgi.ee; osgi.ee=&quot;JavaSE/compact3&quot;; version:List&lt;Version&gt;=&quot;1.8&quot;"/>
    <property name="osgi.compatibility.bootdelegation" value="true"/>
    <property name="java.version" value="1.8.0_60"/>
    <property name="org.osgi.framework.os.name" value="MacOSX"/>
    <property name="user.timezone" value="Europe/Zurich"/>
    <property name="sun.arch.data.model" value="64"/>
    <property name="osgi.bundles" value="reference:file:/Users/serano/.m2/repository/p2/osgi/bundle/com.google.guava/15.0.0.v201403281430/com.google.guava-15.0.0.v201403281430.jar,reference:file:/Users/serano/.m2/repository/p2/osgi/bundle/com.google.inject/3.0.0.v201605172100/com.google.inject-3.0.0.v201605172100.jar,reference:file:/Users/serano/.m2/repository/p2/osgi/bundle/javax.inject/1.0.0.v20091030/javax.inject-1.0.0.v20091030.jar,reference:file:/Users/serano/.m2/repository/p2/osgi/bundle/javax.xml/1.3.4.v201005080400/javax.xml-1.3.4.v201005080400.jar,reference:file:/Users/serano/.m2/repository/p2/osgi/bundle/org.apache.batik.css/1.7.0.v201011041433/org.apache.batik.css-1.7.0.v201011041433.jar,reference:file:/Users/serano/.m2/repository/p2/osgi/bundle/org.apache.batik.util/1.7.0.v201011041433/org.apache.batik.util-1.7.0.v201011041433.jar,reference:file:/Users/serano/.m2/repository/p2/osgi/bundle/org.w3c.dom.events/3.0.0.draft20060413_v201105210656/org.w3c.dom.events-3.0.0.draft20060413_v201105210656.jar,reference:file:/Users/serano/.m2/repository/p2/osgi/bundle/org.w3c.css.sac/1.3.1.v200903091627/org.w3c.css.sac-1.3.1.v200903091627.jar,reference:file:/Users/serano/.m2/repository/p2/osgi/bundle/org.w3c.dom.svg/1.1.0.v201011041433/org.w3c.dom.svg-1.1.0.v201011041433.jar,reference:file:/Users/serano/.m2/repository/p2/osgi/bundle/org.apache.batik.util.gui/1.7.0.v200903091627/org.apache.batik.util.gui-1.7.0.v200903091627.jar,reference:file:/Users/serano/.m2/repository/p2/osgi/bundle/org.apache.commons.cli/1.2.0.v201404270220/org.apache.commons.cli-1.2.0.v201404270220.jar,reference:file:/Users/serano/.m2/repository/p2/osgi/bundle/org.apache.commons.lang/2.6.0.v201404270220/org.apache.commons.lang-2.6.0.v201404270220.jar,reference:file:/Users/serano/.m2/repository/p2/osgi/bundle/org.apache.commons.logging/1.1.1.v201101211721/org.apache.commons.logging-1.1.1.v201101211721.jar,reference:file:/Users/serano/.m2/repository/p2/osgi/bundle/org.eclipse.osgi.services/3.5.100.v20160504-1419/org.eclipse.osgi.services-3.5.100.v20160504-1419.jar,reference:file:/Users/serano/.m2/repository/p2/osgi/bundle/org.eclipse.compare/3.6.0.v20160418-1534/org.eclipse.compare-3.6.0.v20160418-1534.jar,reference:file:/Users/serano/.m2/repository/p2/osgi/bundle/org.eclipse.ui/3.108.0.v20160518-1929/org.eclipse.ui-3.108.0.v20160518-1929.jar,reference:file:/Users/serano/.m2/repository/p2/osgi/bundle/org.eclipse.core.resources/3.11.0.v20160503-1608/org.eclipse.core.resources-3.11.0.v20160503-1608.jar,reference:file:/Users/serano/.m2/repository/p2/osgi/bundle/org.eclipse.jface.text/3.11.0.v20160505-1301/org.eclipse.jface.text-3.11.0.v20160505-1301.jar,reference:file:/Users/serano/.m2/repository/p2/osgi/bundle/org.eclipse.ui.ide/3.12.0.v20160601-1609/org.eclipse.ui.ide-3.12.0.v20160601-1609.jar,reference:file:/Users/serano/.m2/repository/p2/osgi/bundle/org.eclipse.ui.views/3.8.100.v20160518-1929/org.eclipse.ui.views-3.8.100.v20160518-1929.jar,reference:file:/Users/serano/.m2/repository/p2/osgi/bundle/org.eclipse.ui.workbench.texteditor/3.10.0.v20160530-2011/org.eclipse.ui.workbench.texteditor-3.10.0.v20160530-2011.jar,reference:file:/Users/serano/.m2/repository/p2/osgi/bundle/org.eclipse.core.runtime/3.12.0.v20160606-1342/org.eclipse.core.runtime-3.12.0.v20160606-1342.jar@4:start,reference:file:/Users/serano/.m2/repository/p2/osgi/bundle/org.eclipse.core.expressions/3.5.100.v20160418-1621/org.eclipse.core.expressions-3.5.100.v20160418-1621.jar,reference:file:/Users/serano/.m2/repository/p2/osgi/bundle/org.eclipse.ui.editors/3.10.0.v20160505-0931/org.eclipse.ui.editors-3.10.0.v20160505-0931.jar,reference:file:/Users/serano/.m2/repository/p2/osgi/bundle/org.eclipse.ui.forms/3.7.0.v20160518-1929/org.eclipse.ui.forms-3.7.0.v20160518-1929.jar,reference:file:/Users/serano/.m2/repository/p2/osgi/bundle/org.eclipse.compare.core/3.6.0.v20160418-1534/org.eclipse.compare.core-3.6.0.v20160418-1534.jar,reference:file:/Users/serano/.m2/repository/p2/osgi/bundle/com.ibm.icu/56.1.0.v201601250100/com.ibm.icu-56.1.0.v201601250100.jar,reference:file:/Users/serano/.m2/repository/p2/osgi/bundle/org.eclipse.core.commands/3.8.0.v20160316-1921/org.eclipse.core.commands-3.8.0.v20160316-1921.jar,reference:file:/Users/serano/.m2/repository/p2/osgi/bundle/org.eclipse.equinox.common/3.8.0.v20160509-1230/org.eclipse.equinox.common-3.8.0.v20160509-1230.jar@2:start,reference:file:/Users/serano/.m2/repository/p2/osgi/bundle/org.eclipse.core.contenttype/3.5.100.v20160418-1621/org.eclipse.core.contenttype-3.5.100.v20160418-1621.jar,reference:file:/Users/serano/.m2/repository/p2/osgi/bundle/org.eclipse.equinox.preferences/3.6.0.v20160120-1756/org.eclipse.equinox.preferences-3.6.0.v20160120-1756.jar,reference:file:/Users/serano/.m2/repository/p2/osgi/bundle/org.eclipse.equinox.registry/3.6.100.v20160223-2218/org.eclipse.equinox.registry-3.6.100.v20160223-2218.jar,reference:file:/Users/serano/.m2/repository/p2/osgi/bundle/org.eclipse.core.databinding/1.6.0.v20160412-0910/org.eclipse.core.databinding-1.6.0.v20160412-0910.jar,reference:file:/Users/serano/.m2/repository/p2/osgi/bundle/org.eclipse.core.databinding.observable/1.6.0.v20160511-1747/org.eclipse.core.databinding.observable-1.6.0.v20160511-1747.jar,reference:file:/Users/serano/.m2/repository/p2/osgi/bundle/org.eclipse.core.databinding.property/1.6.0.v20160427-0852/org.eclipse.core.databinding.property-1.6.0.v20160427-0852.jar,reference:file:/Users/serano/.m2/repository/p2/osgi/bundle/org.eclipse.core.filebuffers/3.6.0.v20160503-1849/org.eclipse.core.filebuffers-3.6.0.v20160503-1849.jar,reference:file:/Users/serano/.m2/repository/p2/osgi/bundle/org.eclipse.text/3.6.0.v20160503-1849/org.eclipse.text-3.6.0.v20160503-1849.jar,reference:file:/Users/serano/.m2/repository/p2/osgi/bundle/org.eclipse.core.filesystem/1.6.0.v20160503-1608/org.eclipse.core.filesystem-1.6.0.v20160503-1608.jar,reference:file:/Users/serano/.m2/repository/p2/osgi/bundle/org.eclipse.core.jobs/3.8.0.v20160509-0411/org.eclipse.core.jobs-3.8.0.v20160509-0411.jar,reference:file:/Users/serano/.m2/repository/p2/osgi/bundle/org.eclipse.core.net/1.3.0.v20160418-1534/org.eclipse.core.net-1.3.0.v20160418-1534.jar,reference:file:/Users/serano/.m2/repository/p2/osgi/bundle/org.eclipse.equinox.security/1.2.200.v20150715-1528/org.eclipse.equinox.security-1.2.200.v20150715-1528.jar,reference:file:/Users/serano/.m2/repository/p2/osgi/bundle/org.eclipse.equinox.app/1.3.400.v20150715-1528/org.eclipse.equinox.app-1.3.400.v20150715-1528.jar,reference:file:/Users/serano/.m2/repository/p2/osgi/bundle/org.eclipse.core.variables/3.3.0.v20160419-1720/org.eclipse.core.variables-3.3.0.v20160419-1720.jar,reference:file:/Users/serano/.m2/repository/p2/osgi/bundle/org.eclipse.debug.core/3.10.100.v20160419-1720/org.eclipse.debug.core-3.10.100.v20160419-1720.jar,reference:file:/Users/serano/.m2/repository/p2/osgi/bundle/org.eclipse.e4.core.commands/0.11.100.v20160506-0804/org.eclipse.e4.core.commands-0.11.100.v20160506-0804.jar,reference:file:/Users/serano/.m2/repository/p2/osgi/bundle/org.eclipse.e4.core.di/1.6.0.v20160319-0612/org.eclipse.e4.core.di-1.6.0.v20160319-0612.jar,reference:file:/Users/serano/.m2/repository/p2/osgi/bundle/org.eclipse.e4.core.contexts/1.5.0.v20160504-0909/org.eclipse.e4.core.contexts-1.5.0.v20160504-0909.jar,reference:file:/Users/serano/.m2/repository/p2/osgi/bundle/org.eclipse.e4.core.services/2.0.100.v20160509-1032/org.eclipse.e4.core.services-2.0.100.v20160509-1032.jar,reference:file:/Users/serano/.m2/repository/p2/osgi/bundle/org.eclipse.e4.core.di.annotations/1.5.0.v20151127-1241/org.eclipse.e4.core.di.annotations-1.5.0.v20151127-1241.jar,reference:file:/Users/serano/.m2/repository/p2/osgi/bundle/org.eclipse.e4.core.di.extensions/0.14.0.v20160211-1614/org.eclipse.e4.core.di.extensions-0.14.0.v20160211-1614.jar,reference:file:/Users/serano/.m2/repository/p2/osgi/bundle/org.eclipse.e4.emf.xpath/0.1.200.v20160506-0804/org.eclipse.e4.emf.xpath-0.1.200.v20160506-0804.jar,reference:file:/Users/serano/.m2/repository/p2/osgi/bundle/org.apache.commons.jxpath/1.3.0.v200911051830/org.apache.commons.jxpath-1.3.0.v200911051830.jar,reference:file:/Users/serano/.m2/repository/p2/osgi/bundle/org.eclipse.emf.ecore/2.12.0.v20160420-0247/org.eclipse.emf.ecore-2.12.0.v20160420-0247.jar,reference:file:/Users/serano/.m2/repository/p2/osgi/bundle/org.eclipse.e4.ui.bindings/0.11.100.v20160509-1025/org.eclipse.e4.ui.bindings-0.11.100.v20160509-1025.jar,reference:file:/Users/serano/.m2/repository/p2/osgi/bundle/org.eclipse.swt/3.105.0.v20160603-0902/org.eclipse.swt-3.105.0.v20160603-0902.jar,reference:file:/Users/serano/.m2/repository/p2/osgi/bundle/org.eclipse.jface/3.12.0.v20160518-1929/org.eclipse.jface-3.12.0.v20160518-1929.jar,reference:file:/Users/serano/.m2/repository/p2/osgi/bundle/org.eclipse.e4.ui.css.core/0.12.0.v20160505-1310/org.eclipse.e4.ui.css.core-0.12.0.v20160505-1310.jar,reference:file:/Users/serano/.m2/repository/p2/osgi/bundle/org.eclipse.e4.ui.css.swt/0.12.100.v20160517-1505/org.eclipse.e4.ui.css.swt-0.12.100.v20160517-1505.jar,reference:file:/Users/serano/.m2/repository/p2/osgi/bundle/org.eclipse.e4.ui.css.swt.theme/0.10.100.v20160523-0836/org.eclipse.e4.ui.css.swt.theme-0.10.100.v20160523-0836.jar,reference:file:/Users/serano/.m2/repository/p2/osgi/bundle/org.eclipse.e4.ui.di/1.1.100.v20160506-0759/org.eclipse.e4.ui.di-1.1.100.v20160506-0759.jar,reference:file:/Users/serano/.m2/repository/p2/osgi/bundle/org.eclipse.e4.ui.model.workbench/1.2.0.v20160229-1459/org.eclipse.e4.ui.model.workbench-1.2.0.v20160229-1459.jar,reference:file:/Users/serano/.m2/repository/p2/osgi/bundle/org.eclipse.e4.ui.services/1.2.100.v20160506-0759/org.eclipse.e4.ui.services-1.2.100.v20160506-0759.jar,reference:file:/Users/serano/.m2/repository/p2/osgi/bundle/org.eclipse.e4.ui.widgets/1.1.100.v20160506-0759/org.eclipse.e4.ui.widgets-1.1.100.v20160506-0759.jar,reference:file:/Users/serano/.m2/repository/p2/osgi/bundle/org.eclipse.e4.ui.workbench/1.4.0.v20160517-1624/org.eclipse.e4.ui.workbench-1.4.0.v20160517-1624.jar,reference:file:/Users/serano/.m2/repository/p2/osgi/bundle/org.eclipse.emf.ecore.change/2.11.0.v20160420-0247/org.eclipse.emf.ecore.change-2.11.0.v20160420-0247.jar,reference:file:/Users/serano/.m2/repository/p2/osgi/bundle/org.eclipse.emf.ecore.xmi/2.12.0.v20160420-0247/org.eclipse.emf.ecore.xmi-2.12.0.v20160420-0247.jar,reference:file:/Users/serano/.m2/repository/p2/osgi/bundle/org.eclipse.e4.ui.workbench.addons.swt/1.2.100.v20160506-0759/org.eclipse.e4.ui.workbench.addons.swt-1.2.100.v20160506-0759.jar,reference:file:/Users/serano/.m2/repository/p2/osgi/bundle/org.eclipse.e4.ui.workbench.renderers.swt/0.14.0.v20160525-0940/org.eclipse.e4.ui.workbench.renderers.swt-0.14.0.v20160525-0940.jar,reference:file:/Users/serano/.m2/repository/p2/osgi/bundle/org.eclipse.e4.ui.workbench.swt/0.14.0.v20160523-1900/org.eclipse.e4.ui.workbench.swt-0.14.0.v20160523-1900.jar,reference:file:/Users/serano/.m2/repository/p2/osgi/bundle/org.eclipse.equinox.ds/1.4.400.v20160226-2036/org.eclipse.equinox.ds-1.4.400.v20160226-2036.jar@1:start,reference:file:/Users/serano/.m2/repository/p2/osgi/bundle/org.eclipse.jface.databinding/1.8.0.v20160420-2231/org.eclipse.jface.databinding-1.8.0.v20160420-2231.jar,reference:file:/Users/serano/.m2/repository/p2/osgi/bundle/org.eclipse.e4.ui.workbench3/0.13.100.v20160506-0759/org.eclipse.e4.ui.workbench3-0.13.100.v20160506-0759.jar,reference:file:/Users/serano/.m2/repository/p2/osgi/bundle/org.eclipse.emf.codegen/2.11.0.v20160526-0356/org.eclipse.emf.codegen-2.11.0.v20160526-0356.jar,reference:file:/Users/serano/.m2/repository/p2/osgi/bundle/org.eclipse.emf.common/2.12.0.v20160420-0247/org.eclipse.emf.common-2.12.0.v20160420-0247.jar,reference:file:/Users/serano/.m2/repository/p2/osgi/bundle/org.eclipse.jdt.core/3.12.0.v20160516-2131/org.eclipse.jdt.core-3.12.0.v20160516-2131.jar,reference:file:/Users/serano/.m2/repository/p2/osgi/bundle/org.eclipse.jdt.launching/3.8.100.v20160505-0636/org.eclipse.jdt.launching-3.8.100.v20160505-0636.jar,reference:file:/Users/serano/.m2/repository/p2/osgi/bundle/org.eclipse.emf.codegen.ecore/2.12.0.v20160526-0356/org.eclipse.emf.codegen.ecore-2.12.0.v20160526-0356.jar,reference:file:/Users/serano/.m2/repository/p2/osgi/bundle/org.eclipse.emf.mwe.core/1.3.20.v201605261103/org.eclipse.emf.mwe.core-1.3.20.v201605261103.jar,reference:file:/Users/serano/.m2/repository/p2/osgi/bundle/org.apache.ant/1.9.6.v201510161327/org.apache.ant-1.9.6.v201510161327.jar,reference:file:/Users/serano/.m2/repository/p2/osgi/bundle/org.eclipse.emf.mwe2.runtime/2.9.0.v201605261103/org.eclipse.emf.mwe2.runtime-2.9.0.v201605261103.jar,reference:file:/Users/serano/.m2/repository/p2/osgi/bundle/org.eclipse.emf.mwe.utils/1.3.20.v201605261103/org.eclipse.emf.mwe.utils-1.3.20.v201605261103.jar,reference:file:/Users/serano/.m2/repository/p2/osgi/bundle/org.eclipse.emf.mwe2.lib/2.9.0.v201605261103/org.eclipse.emf.mwe2.lib-2.9.0.v201605261103.jar,reference:file:/Users/serano/.m2/repository/p2/osgi/bundle/org.apache.log4j/1.2.15.v201012070815/org.apache.log4j-1.2.15.v201012070815.jar,reference:file:/Users/serano/.m2/repository/p2/osgi/bundle/org.eclipse.equinox.bidi/1.0.0.v20160307-1318/org.eclipse.equinox.bidi-1.0.0.v20160307-1318.jar,reference:file:/Users/serano/.m2/repository/p2/osgi/bundle/org.eclipse.equinox.util/1.0.500.v20130404-1337/org.eclipse.equinox.util-1.0.500.v20130404-1337.jar,reference:file:/Users/serano/.m2/repository/p2/osgi/bundle/org.eclipse.equinox.p2.core/2.4.100.v20160419-0834/org.eclipse.equinox.p2.core-2.4.100.v20160419-0834.jar,reference:file:/Users/serano/.m2/repository/p2/osgi/bundle/org.eclipse.equinox.p2.engine/2.4.100.v20160419-0834/org.eclipse.equinox.p2.engine-2.4.100.v20160419-0834.jar,reference:file:/Users/serano/.m2/repository/p2/osgi/bundle/org.eclipse.equinox.p2.metadata/2.3.100.v20160427-2220/org.eclipse.equinox.p2.metadata-2.3.100.v20160427-2220.jar,reference:file:/Users/serano/.m2/repository/p2/osgi/bundle/org.eclipse.equinox.p2.metadata.repository/1.2.300.v20160419-0834/org.eclipse.equinox.p2.metadata.repository-1.2.300.v20160419-0834.jar,reference:file:/Users/serano/.m2/repository/p2/osgi/bundle/org.eclipse.equinox.p2.repository/2.3.200.v20160421-0324/org.eclipse.equinox.p2.repository-2.3.200.v20160421-0324.jar,reference:file:/Users/serano/.m2/repository/p2/osgi/bundle/org.tukaani.xz/1.3.0.v201308270617/org.tukaani.xz-1.3.0.v201308270617.jar,reference:file:/Users/serano/.m2/repository/p2/osgi/bundle/org.eclipse.help/3.7.0.v20160602-1307/org.eclipse.help-3.7.0.v20160602-1307.jar,reference:file:/Users/serano/Development/eclipse/4.6/eclipse-boomslang/ws/org.xtext.example.mydsl.parent/org.xtext.example.mydsl.tests/target/work/plugins/org.eclipse.jdt.debug_3.10.0.v20160418-1524,reference:file:/Users/serano/.m2/repository/p2/osgi/bundle/org.eclipse.ltk.core.refactoring/3.7.0.v20160419-0705/org.eclipse.ltk.core.refactoring-3.7.0.v20160419-0705.jar,reference:file:/Users/serano/.m2/repository/p2/osgi/bundle/org.eclipse.ltk.ui.refactoring/3.8.0.v20160518-1817/org.eclipse.ltk.ui.refactoring-3.8.0.v20160518-1817.jar,reference:file:/Users/serano/.m2/repository/p2/osgi/bundle/org.eclipse.ui.navigator/3.6.100.v20160518-1929/org.eclipse.ui.navigator-3.6.100.v20160518-1929.jar,reference:file:/Users/serano/.m2/repository/p2/osgi/bundle/org.eclipse.team.core/3.8.0.v20160418-1534/org.eclipse.team.core-3.8.0.v20160418-1534.jar,reference:file:/Users/serano/.m2/repository/p2/osgi/bundle/org.eclipse.team.ui/3.8.0.v20160518-1906/org.eclipse.team.ui-3.8.0.v20160518-1906.jar,reference:file:/Users/serano/.m2/repository/p2/osgi/bundle/org.eclipse.swt.cocoa.macosx.x86_64/3.105.0.v20160603-0902/org.eclipse.swt.cocoa.macosx.x86_64-3.105.0.v20160603-0902.jar,reference:file:/Users/serano/.m2/repository/p2/osgi/bundle/org.eclipse.ui.workbench/3.108.0.v20160602-1232/org.eclipse.ui.workbench-3.108.0.v20160602-1232.jar,reference:file:/Users/serano/.m2/repository/p2/osgi/bundle/org.eclipse.ui.ide.application/1.1.100.v20160518-1929/org.eclipse.ui.ide.application-1.1.100.v20160518-1929.jar,reference:file:/Users/serano/.m2/repository/p2/osgi/bundle/org.eclipse.ui.navigator.resources/3.5.100.v20160518-1929/org.eclipse.ui.navigator.resources-3.5.100.v20160518-1929.jar,reference:file:/Users/serano/.m2/repository/p2/osgi/bundle/org.eclipse.ui.views.properties.tabbed/3.7.0.v20160310-0903/org.eclipse.ui.views.properties.tabbed-3.7.0.v20160310-0903.jar,reference:file:/Users/serano/.m2/repository/p2/osgi/bundle/org.eclipse.xtend/2.2.0.v201605260315/org.eclipse.xtend-2.2.0.v201605260315.jar,reference:file:/Users/serano/.m2/repository/p2/osgi/bundle/org.antlr.runtime/3.2.0.v201101311130/org.antlr.runtime-3.2.0.v201101311130.jar,reference:file:/Users/serano/.m2/repository/p2/osgi/bundle/org.eclipse.xtend.lib/2.12.0.v20170518-0757/org.eclipse.xtend.lib-2.12.0.v20170518-0757.jar,reference:file:/Users/serano/.m2/repository/p2/osgi/bundle/org.eclipse.xtext.xbase.lib/2.12.0.v20170518-0757/org.eclipse.xtext.xbase.lib-2.12.0.v20170518-0757.jar,reference:file:/Users/serano/.m2/repository/p2/osgi/bundle/org.eclipse.xtend.lib.macro/2.12.0.v20170518-0757/org.eclipse.xtend.lib.macro-2.12.0.v20170518-0757.jar,reference:file:/Users/serano/.m2/repository/p2/osgi/bundle/org.eclipse.xtend.typesystem.emf/2.2.0.v201605260315/org.eclipse.xtend.typesystem.emf-2.2.0.v201605260315.jar,reference:file:/Users/serano/.m2/repository/p2/osgi/bundle/org.eclipse.xtext/2.12.0.v20170518-0959/org.eclipse.xtext-2.12.0.v20170518-0959.jar,reference:file:/Users/serano/.m2/repository/p2/osgi/bundle/org.eclipse.xtext.util/2.12.0.v20170518-0959/org.eclipse.xtext.util-2.12.0.v20170518-0959.jar,reference:file:/Users/serano/.m2/repository/p2/osgi/bundle/org.eclipse.xtext.common.types/2.12.0.v20170519-0752/org.eclipse.xtext.common.types-2.12.0.v20170519-0752.jar,reference:file:/Users/serano/.m2/repository/p2/osgi/bundle/org.objectweb.asm/5.0.1.v201404251740/org.objectweb.asm-5.0.1.v201404251740.jar,reference:file:/Users/serano/.m2/repository/p2/osgi/bundle/org.eclipse.xtext.ide/2.12.0.v20170518-0959/org.eclipse.xtext.ide-2.12.0.v20170518-0959.jar,reference:file:/Users/serano/.m2/repository/p2/osgi/bundle/org.eclipse.xtext.testing/2.12.0.v20170518-0959/org.eclipse.xtext.testing-2.12.0.v20170518-0959.jar,reference:file:/Users/serano/.m2/repository/p2/osgi/bundle/org.junit/4.12.0.v201504281640/org.junit-4.12.0.v201504281640.jar,reference:file:/Users/serano/.m2/repository/p2/osgi/bundle/org.eclipse.xtext.xbase/2.12.0.v20170519-0752/org.eclipse.xtext.xbase-2.12.0.v20170519-0752.jar,reference:file:/Users/serano/.m2/repository/p2/osgi/bundle/org.eclipse.xtext.xbase.testing/2.12.0.v20170519-0752/org.eclipse.xtext.xbase.testing-2.12.0.v20170519-0752.jar,reference:file:/Users/serano/.m2/repository/p2/osgi/bundle/org.hamcrest.core/1.3.0.v201303031735/org.hamcrest.core-1.3.0.v201303031735.jar,reference:file:/Users/serano/.m2/repository/p2/osgi/bundle/org.w3c.dom.smil/1.0.1.v200903091627/org.w3c.dom.smil-1.0.1.v200903091627.jar,reference:file:/Users/serano/Development/eclipse/4.6/eclipse-boomslang/ws/org.xtext.example.mydsl.parent/org.xtext.example.mydsl/target/org.xtext.example.mydsl-1.0.0-SNAPSHOT.jar,reference:file:/Users/serano/Development/eclipse/4.6/eclipse-boomslang/ws/org.xtext.example.mydsl.parent/org.xtext.example.mydsl.tests,reference:file:/Users/serano/.m2/repository/p2/osgi/bundle/org.eclipse.equinox.launcher/1.3.200.v20160318-1642/org.eclipse.equinox.launcher-1.3.200.v20160318-1642.jar,reference:file:/Users/serano/.m2/repository/p2/osgi/bundle/org.eclipse.swt.win32.win32.x86_64/3.105.0.v20160603-0902/org.eclipse.swt.win32.win32.x86_64-3.105.0.v20160603-0902.jar,reference:file:/Users/serano/.m2/repository/p2/osgi/bundle/org.eclipse.swt.gtk.linux.x86_64/3.105.0.v20160603-0902/org.eclipse.swt.gtk.linux.x86_64-3.105.0.v20160603-0902.jar,reference:file:/Users/serano/.m2/repository/org/eclipse/tycho/org.eclipse.tycho.surefire.osgibooter/1.0.0/org.eclipse.tycho.surefire.osgibooter-1.0.0.jar,reference:file:/Users/serano/.m2/repository/org/eclipse/tycho/org.eclipse.tycho.surefire.junit4/1.0.0/org.eclipse.tycho.surefire.junit4-1.0.0.jar"/>
    <property name="http.nonProxyHosts" value="local|*.local|169.254/16|*.169.254/16"/>
    <property name="java.endorsed.dirs" value="/Library/Java/JavaVirtualMachines/jdk1.8.0_60.jdk/Contents/Home/jre/lib/endorsed"/>
    <property name="osgi.tracefile" value="/Users/serano/Development/eclipse/4.6/eclipse-boomslang/ws/org.xtext.example.mydsl.parent/org.xtext.example.mydsl.tests/target/work/data/.metadata/trace.log"/>
    <property name="sun.cpu.isalist" value=""/>
    <property name="sun.jnu.encoding" value="UTF-8"/>
    <property name="eclipse.application" value="org.eclipse.tycho.surefire.osgibooter.headlesstest"/>
    <property name="file.encoding.pkg" value="sun.io"/>
    <property name="org.osgi.framework.vendor" value="Eclipse"/>
    <property name="equinox.init.uuid" value="true"/>
    <property name="file.separator" value="/"/>
    <property name="java.specification.name" value="Java Platform API Specification"/>
    <property name="osgi.checkConfiguration" value="true"/>
    <property name="java.class.version" value="52.0"/>
    <property name="user.country" value="US"/>
    <property name="osgi.configuration.cascaded" value="false"/>
    <property name="java.home" value="/Library/Java/JavaVirtualMachines/jdk1.8.0_60.jdk/Contents/Home/jre"/>
    <property name="osgi.os" value="macosx"/>
    <property name="eclipse.commands" value="-data&#10;/Users/serano/Development/eclipse/4.6/eclipse-boomslang/ws/org.xtext.example.mydsl.parent/org.xtext.example.mydsl.tests/target/work/data&#10;-install&#10;/Users/serano/Development/eclipse/4.6/eclipse-boomslang/ws/org.xtext.example.mydsl.parent/org.xtext.example.mydsl.tests/target/work&#10;-configuration&#10;/Users/serano/Development/eclipse/4.6/eclipse-boomslang/ws/org.xtext.example.mydsl.parent/org.xtext.example.mydsl.tests/target/work/configuration&#10;-application&#10;org.eclipse.tycho.surefire.osgibooter.headlesstest&#10;-testproperties&#10;/Users/serano/Development/eclipse/4.6/eclipse-boomslang/ws/org.xtext.example.mydsl.parent/org.xtext.example.mydsl.tests/target/surefire.properties&#10;"/>
    <property name="java.vm.info" value="mixed mode"/>
    <property name="os.version" value="10.12.6"/>
    <property name="osgi.arch" value="x86_64"/>
    <property name="path.separator" value=":"/>
    <property name="java.vm.version" value="25.60-b23"/>
    <property name="org.osgi.supports.framework.fragment" value="true"/>
    <property name="osgi.framework.shape" value="jar"/>
    <property name="java.awt.printerjob" value="sun.lwawt.macosx.CPrinterJob"/>
    <property name="sun.io.unicode.encoding" value="UnicodeBig"/>
    <property name="org.osgi.framework.version" value="1.8.0"/>
    <property name="awt.toolkit" value="sun.lwawt.macosx.LWCToolkit"/>
    <property name="socksNonProxyHosts" value="local|*.local|169.254/16|*.169.254/16"/>
    <property name="ftp.nonProxyHosts" value="local|*.local|169.254/16|*.169.254/16"/>
    <property name="eclipse.stateSaveDelayInterval" value="30000"/>
    <property name="osgi.dev" value="file:/Users/serano/Development/eclipse/4.6/eclipse-boomslang/ws/org.xtext.example.mydsl.parent/org.xtext.example.mydsl.tests/target/work/dev.properties"/>
    <property name="osgi.install.area" value="file:/Users/serano/Development/eclipse/4.6/eclipse-boomslang/ws/org.xtext.example.mydsl.parent/org.xtext.example.mydsl.tests/target/work/"/>
    <property name="osgi.framework" value="file:/Users/serano/.m2/repository/p2/osgi/bundle/org.eclipse.osgi/3.11.0.v20160603-1336/org.eclipse.osgi-3.11.0.v20160603-1336.jar"/>
    <property name="user.home" value="/Users/serano"/>
    <property name="osgi.framework.useSystemProperties" value="true"/>
    <property name="java.specification.vendor" value="Oracle Corporation"/>
    <property name="osgi.nl" value="en_US"/>
    <property name="java.library.path" value="/Users/serano/Library/Java/Extensions:/Library/Java/Extensions:/Network/Library/Java/Extensions:/System/Library/Java/Extensions:/usr/lib/java:."/>
    <property name="java.vendor.url" value="http://java.oracle.com/"/>
    <property name="osgi.bundlefile.limit" value="100"/>
    <property name="eclipse.startTime" value="1504126524819"/>
    <property name="org.osgi.framework.os.version" value="10.12.6"/>
    <property name="gopherProxySet" value="false"/>
    <property name="java.vm.vendor" value="Oracle Corporation"/>
    <property name="java.runtime.name" value="Java(TM) SE Runtime Environment"/>
    <property name="java.class.path" value="/Users/serano/.m2/repository/p2/osgi/bundle/org.eclipse.equinox.launcher/1.3.200.v20160318-1642/org.eclipse.equinox.launcher-1.3.200.v20160318-1642.jar"/>
    <property name="sun.java.command" value="/Users/serano/.m2/repository/p2/osgi/bundle/org.eclipse.equinox.launcher/1.3.200.v20160318-1642/org.eclipse.equinox.launcher-1.3.200.v20160318-1642.jar -data /Users/serano/Development/eclipse/4.6/eclipse-boomslang/ws/org.xtext.example.mydsl.parent/org.xtext.example.mydsl.tests/target/work/data -install /Users/serano/Development/eclipse/4.6/eclipse-boomslang/ws/org.xtext.example.mydsl.parent/org.xtext.example.mydsl.tests/target/work -configuration /Users/serano/Development/eclipse/4.6/eclipse-boomslang/ws/org.xtext.example.mydsl.parent/org.xtext.example.mydsl.tests/target/work/configuration -application org.eclipse.tycho.surefire.osgibooter.headlesstest -testproperties /Users/serano/Development/eclipse/4.6/eclipse-boomslang/ws/org.xtext.example.mydsl.parent/org.xtext.example.mydsl.tests/target/surefire.properties"/>
    <property name="java.vm.specification.name" value="Java Virtual Machine Specification"/>
    <property name="java.vm.specification.version" value="1.8"/>
    <property name="sun.os.patch.level" value="unknown"/>
    <property name="sun.cpu.endian" value="little"/>
    <property name="gosh.args" value="--nointeractive"/>
    <property name="java.io.tmpdir" value="/var/folders/39/pxvsprd135d_082_dn0cpjr40000gp/T/"/>
    <property name="java.vendor.url.bug" value="http://bugreport.sun.com/bugreport/"/>
    <property name="eclipse.home.location" value="file:/Users/serano/Development/eclipse/4.6/eclipse-boomslang/ws/org.xtext.example.mydsl.parent/org.xtext.example.mydsl.tests/target/work/"/>
    <property name="java.awt.graphicsenv" value="sun.awt.CGraphicsEnvironment"/>
    <property name="os.arch" value="x86_64"/>
    <property name="java.ext.dirs" value="/Users/serano/Library/Java/Extensions:/Library/Java/JavaVirtualMachines/jdk1.8.0_60.jdk/Contents/Home/jre/lib/ext:/Library/Java/Extensions:/Network/Library/Java/Extensions:/System/Library/Java/Extensions:/usr/lib/java"/>
    <property name="user.dir" value="/Users/serano/Development/eclipse/4.6/eclipse-boomslang/ws/org.xtext.example.mydsl.parent/org.xtext.example.mydsl.tests"/>
    <property name="org.osgi.supports.framework.requirebundle" value="true"/>
    <property name="osgi.clean" value="true"/>
    <property name="line.separator" value="&#10;"/>
    <property name="java.vm.name" value="Java HotSpot(TM) 64-Bit Server VM"/>
    <property name="file.encoding" value="UTF-8"/>
    <property name="java.specification.version" value="1.8"/>
    <property name="org.osgi.framework.executionenvironment" value="OSGi/Minimum-1.0,OSGi/Minimum-1.1,OSGi/Minimum-1.2,JavaSE/compact1-1.8,JavaSE/compact2-1.8,JavaSE/compact3-1.8,JRE-1.1,J2SE-1.2,J2SE-1.3,J2SE-1.4,J2SE-1.5,JavaSE-1.6,JavaSE-1.7,JavaSE-1.8"/>
    <property name="osgi.configuration.area" value="file:/Users/serano/Development/eclipse/4.6/eclipse-boomslang/ws/org.xtext.example.mydsl.parent/org.xtext.example.mydsl.tests/target/work/configuration/"/>
    <property name="osgi.logfile" value="/Users/serano/Development/eclipse/4.6/eclipse-boomslang/ws/org.xtext.example.mydsl.parent/org.xtext.example.mydsl.tests/target/work/data/.metadata/.log"/>
  </properties>
  <testcase name="loadModel" classname="org.xtext.example.mydsl.tests.MyDslParsingTest" time="0.186"/>
</testsuite>